<?xml version="1.0" encoding="UTF-8"?>
<!-- Generated by org.testng.reporters.JUnitXMLReporter -->
<testsuite ignored="0" hostname="SaiRam-PC" failures="0" tests="3" name="Default test" time="4.42" errors="0" timestamp="2022-05-29T11:44:51 IST">
  <testcase classname="com.qa.testLayer.PageTest" name="verifyGatway" time="0.349"/>
  <testcase classname="com.qa.testLayer.PageTest" name="verifyContinueBtn" time="3.313"/>
  <testcase classname="com.qa.testLayer.PageTest" name="verifyMobile" time="0.7"/>
</testsuite> <!-- Default test -->
