<?xml version="1.0" encoding="UTF-8"?>
<testng-results ignored="0" total="3" passed="3" failed="0" skipped="0">
  <reporter-output>
  </reporter-output>
  <suite started-at="2022-05-29T11:44:46 IST" name="Default suite" finished-at="2022-05-29T11:44:51 IST" duration-ms="4420">
    <groups>
    </groups>
    <test started-at="2022-05-29T11:44:46 IST" name="Default test" finished-at="2022-05-29T11:44:51 IST" duration-ms="4420">
      <class name="com.qa.testLayer.PageTest">
        <test-method is-config="true" signature="browserLaunch()[pri:0, instance:com.qa.testLayer.PageTest@3e11f9e9]" started-at="2022-05-29T11:44:15 IST" name="browserLaunch" finished-at="2022-05-29T11:44:46 IST" duration-ms="31023" status="PASS">
          <reporter-output>
          </reporter-output>
        </test-method> <!-- browserLaunch -->
        <test-method signature="verifyGatway()[pri:1, instance:com.qa.testLayer.PageTest@3e11f9e9]" started-at="2022-05-29T11:44:47 IST" name="verifyGatway" finished-at="2022-05-29T11:44:47 IST" duration-ms="349" status="PASS">
          <reporter-output>
          </reporter-output>
        </test-method> <!-- verifyGatway -->
        <test-method signature="verifyContinueBtn()[pri:2, instance:com.qa.testLayer.PageTest@3e11f9e9]" started-at="2022-05-29T11:44:47 IST" name="verifyContinueBtn" finished-at="2022-05-29T11:44:50 IST" duration-ms="3313" status="PASS">
          <reporter-output>
          </reporter-output>
        </test-method> <!-- verifyContinueBtn -->
        <test-method signature="verifyMobile()[pri:3, instance:com.qa.testLayer.PageTest@3e11f9e9]" started-at="2022-05-29T11:44:50 IST" name="verifyMobile" finished-at="2022-05-29T11:44:51 IST" duration-ms="700" status="PASS">
          <reporter-output>
          </reporter-output>
        </test-method> <!-- verifyMobile -->
      </class> <!-- com.qa.testLayer.PageTest -->
    </test> <!-- Default test -->
  </suite> <!-- Default suite -->
</testng-results>
